2014-01-27 01:06:47,939 ERROR [Worker-12] - System.err - SLF4J: Failed to load class "org.slf4j.impl.StaticLoggerBinder".
2014-01-27 01:06:47,940 ERROR [Worker-12] - System.err - SLF4J: Defaulting to no-operation (NOP) logger implementation
2014-01-27 01:06:47,941 ERROR [Worker-12] - System.err - SLF4J: See http://www.slf4j.org/codes.html#StaticLoggerBinder for further details.
2014-02-13 20:09:48,792 ERROR [main] - org.scala-ide.sdt.core - org.scala-ide.sdt.core - org.scala-ide.sdt.core - 0 - Error during askOption
scala.reflect.internal.FatalError: Unknown type: <error>, <error> [class scala.reflect.internal.Types$ErrorType$, class scala.reflect.internal.Types$ErrorType$] TypeRef? false
	at scala.reflect.internal.SymbolTable.abort(SymbolTable.scala:49)
	at scala.tools.nsc.Global.abort(Global.scala:254)
	at scala.tools.nsc.backend.icode.TypeKinds$class.toTypeKind(TypeKinds.scala:397)
	at scala.tools.nsc.backend.icode.ICodes.toTypeKind(ICodes.scala:20)
	at scala.tools.nsc.backend.icode.TypeKinds$class.scala$tools$nsc$backend$icode$TypeKinds$$arrayOrClassType(TypeKinds.scala:406)
	at scala.tools.nsc.backend.icode.TypeKinds$$anonfun$primitiveOrClassType$1.apply(TypeKinds.scala:433)
	at scala.tools.nsc.backend.icode.TypeKinds$$anonfun$primitiveOrClassType$1.apply(TypeKinds.scala:433)
	at scala.collection.MapLike$class.getOrElse(MapLike.scala:128)
	at scala.collection.AbstractMap.getOrElse(Map.scala:58)
	at scala.tools.nsc.backend.icode.TypeKinds$class.primitiveOrClassType(TypeKinds.scala:433)
	at scala.tools.nsc.backend.icode.TypeKinds$class.toTypeKind(TypeKinds.scala:383)
	at scala.tools.nsc.backend.icode.ICodes.toTypeKind(ICodes.scala:20)
	at scala.tools.nsc.backend.jvm.GenJVMUtil$BytecodeUtil$class.javaType(GenJVMUtil.scala:100)
	at scala.tools.eclipse.JVMUtils$$anon$1.javaType(JVMUtils.scala:15)
	at scala.tools.eclipse.JVMUtils$class.javaType(JVMUtils.scala:38)
	at scala.tools.eclipse.ScalaPresentationCompiler.javaType(ScalaPresentationCompiler.scala:36)
	at scala.tools.eclipse.javaelements.ScalaJavaMapper$class.mapParamTypeSignature(ScalaJavaMapper.scala:232)
	at scala.tools.eclipse.ScalaPresentationCompiler.mapParamTypeSignature(ScalaPresentationCompiler.scala:36)
	at scala.tools.eclipse.javaelements.ScalaStructureBuilder$StructureBuilderTraverser$DefOwner$$anonfun$16.apply(ScalaStructureBuilder.scala:674)
	at scala.tools.eclipse.javaelements.ScalaStructureBuilder$StructureBuilderTraverser$DefOwner$$anonfun$16.apply(ScalaStructureBuilder.scala:674)
	at scala.collection.TraversableLike$$anonfun$map$1.apply(TraversableLike.scala:244)
	at scala.collection.TraversableLike$$anonfun$map$1.apply(TraversableLike.scala:244)
	at scala.collection.immutable.List.foreach(List.scala:318)
	at scala.collection.TraversableLike$class.map(TraversableLike.scala:244)
	at scala.collection.AbstractTraversable.map(Traversable.scala:105)
	at scala.tools.eclipse.javaelements.ScalaStructureBuilder$StructureBuilderTraverser$DefOwner$class.addDef(ScalaStructureBuilder.scala:674)
	at scala.tools.eclipse.javaelements.ScalaStructureBuilder$StructureBuilderTraverser$Builder.addDef(ScalaStructureBuilder.scala:872)
	at scala.tools.eclipse.javaelements.ScalaStructureBuilder$StructureBuilderTraverser$DefOwner$class.addDef(ScalaStructureBuilder.scala:659)
	at scala.tools.eclipse.javaelements.ScalaStructureBuilder$StructureBuilderTraverser$Builder.addDef(ScalaStructureBuilder.scala:872)
	at scala.tools.eclipse.javaelements.ScalaStructureBuilder$StructureBuilderTraverser$TreeTraverser.traverse(ScalaStructureBuilder.scala:944)
	at scala.tools.eclipse.javaelements.ScalaStructureBuilder$StructureBuilderTraverser$TreeTraverser$$anonfun$traverse$1.apply(ScalaStructureBuilder.scala:951)
	at scala.tools.eclipse.javaelements.ScalaStructureBuilder$StructureBuilderTraverser$TreeTraverser$$anonfun$traverse$1.apply(ScalaStructureBuilder.scala:951)
	at scala.collection.immutable.List.foreach(List.scala:318)
	at scala.tools.eclipse.javaelements.ScalaStructureBuilder$StructureBuilderTraverser$TreeTraverser.traverse(ScalaStructureBuilder.scala:951)
	at scala.tools.eclipse.javaelements.ScalaStructureBuilder$StructureBuilderTraverser$TreeTraverser$$anonfun$traverse$1.apply(ScalaStructureBuilder.scala:951)
	at scala.tools.eclipse.javaelements.ScalaStructureBuilder$StructureBuilderTraverser$TreeTraverser$$anonfun$traverse$1.apply(ScalaStructureBuilder.scala:951)
	at scala.collection.immutable.List.foreach(List.scala:318)
	at scala.tools.eclipse.javaelements.ScalaStructureBuilder$StructureBuilderTraverser$TreeTraverser.traverse(ScalaStructureBuilder.scala:951)
	at scala.tools.eclipse.javaelements.ScalaStructureBuilder$StructureBuilderTraverser$TreeTraverser$$anonfun$traverse$1.apply(ScalaStructureBuilder.scala:951)
	at scala.tools.eclipse.javaelements.ScalaStructureBuilder$StructureBuilderTraverser$TreeTraverser$$anonfun$traverse$1.apply(ScalaStructureBuilder.scala:951)
	at scala.collection.immutable.List.foreach(List.scala:318)
	at scala.tools.eclipse.javaelements.ScalaStructureBuilder$StructureBuilderTraverser$TreeTraverser.traverse(ScalaStructureBuilder.scala:951)
	at scala.tools.eclipse.javaelements.ScalaStructureBuilder$StructureBuilderTraverser.traverse(ScalaStructureBuilder.scala:904)
	at scala.tools.eclipse.javaelements.ScalaCompilationUnit$$anonfun$buildStructure$2$$anonfun$apply$5$$anonfun$apply$1.apply$mcV$sp(ScalaCompilationUnit.scala:89)
	at scala.tools.eclipse.javaelements.ScalaCompilationUnit$$anonfun$buildStructure$2$$anonfun$apply$5$$anonfun$apply$1.apply(ScalaCompilationUnit.scala:88)
	at scala.tools.eclipse.javaelements.ScalaCompilationUnit$$anonfun$buildStructure$2$$anonfun$apply$5$$anonfun$apply$1.apply(ScalaCompilationUnit.scala:88)
	at scala.tools.nsc.util.InterruptReq.execute(InterruptReq.scala:26)
	at scala.tools.nsc.interactive.Global.pollForWork(Global.scala:339)
	at scala.tools.nsc.interactive.PresentationCompilerThread.run(PresentationCompilerThread.scala:22)
2014-02-13 20:11:17,010 ERROR [Worker-130] - System.err - SLF4J: Failed to load class "org.slf4j.impl.StaticLoggerBinder".
2014-02-13 20:11:17,010 ERROR [Worker-130] - System.err - SLF4J: Defaulting to no-operation (NOP) logger implementation
2014-02-13 20:11:17,010 ERROR [Worker-130] - System.err - SLF4J: See http://www.slf4j.org/codes.html#StaticLoggerBinder for further details.
2014-02-13 20:21:22,215 ERROR [main] - org.scala-ide.sdt.core - org.scala-ide.sdt.core - org.scala-ide.sdt.core - 0 - Error during askOption
java.lang.UnsupportedOperationException: Position.start on class scala.reflect.internal.util.NoPosition$
	at scala.reflect.internal.util.Position.start(Position.scala:114)
	at scala.tools.refactoring.sourcegen.SourceGenerator$$anonfun$generateFragmentsFromTrees$4.apply(SourceGenerator.scala:144)
	at scala.tools.refactoring.sourcegen.SourceGenerator$$anonfun$generateFragmentsFromTrees$4.apply(SourceGenerator.scala:114)
	at scala.collection.TraversableLike$$anonfun$map$1.apply(TraversableLike.scala:244)
	at scala.collection.TraversableLike$$anonfun$map$1.apply(TraversableLike.scala:244)
	at scala.collection.immutable.List.foreach(List.scala:318)
	at scala.collection.TraversableLike$class.map(TraversableLike.scala:244)
	at scala.collection.AbstractTraversable.map(Traversable.scala:105)
	at scala.tools.refactoring.sourcegen.SourceGenerator$class.generateFragmentsFromTrees(SourceGenerator.scala:114)
	at scala.tools.refactoring.MultiStageRefactoring.generateFragmentsFromTrees(MultiStageRefactoring.scala:14)
	at scala.tools.refactoring.sourcegen.SourceGenerator$$anonfun$createChanges$1.apply(SourceGenerator.scala:33)
	at scala.tools.refactoring.sourcegen.SourceGenerator$$anonfun$createChanges$1.apply(SourceGenerator.scala:33)
	at scala.tools.refactoring.common.ConsoleTracing$class.context(tracing.scala:40)
	at scala.tools.eclipse.refactoring.move.MoveClassAction$MoveClassScalaIdeRefactoring$$anonfun$3$$anon$1.context(MoveClassAction.scala:52)
	at scala.tools.refactoring.sourcegen.SourceGenerator$class.createChanges(SourceGenerator.scala:32)
	at scala.tools.refactoring.MultiStageRefactoring.createChanges(MultiStageRefactoring.scala:14)
	at scala.tools.refactoring.Refactoring$$anonfun$refactor$1.apply(Refactoring.scala:32)
	at scala.tools.refactoring.Refactoring$$anonfun$refactor$1.apply(Refactoring.scala:31)
	at scala.tools.refactoring.common.ConsoleTracing$class.context(tracing.scala:40)
	at scala.tools.eclipse.refactoring.move.MoveClassAction$MoveClassScalaIdeRefactoring$$anonfun$3$$anon$1.context(MoveClassAction.scala:52)
	at scala.tools.refactoring.Refactoring$class.refactor(Refactoring.scala:31)
	at scala.tools.refactoring.MultiStageRefactoring.refactor(MultiStageRefactoring.scala:14)
	at scala.tools.refactoring.Refactoring$class.transformFile(Refactoring.scala:41)
	at scala.tools.refactoring.MultiStageRefactoring.transformFile(MultiStageRefactoring.scala:14)
	at scala.tools.refactoring.implementations.MoveClass.perform(MoveClass.scala:126)
	at scala.tools.refactoring.implementations.MoveClass.perform(MoveClass.scala:14)
	at scala.tools.eclipse.refactoring.ScalaIdeRefactoring$$anonfun$5$$anonfun$apply$7.apply(ScalaIdeRefactoring.scala:158)
	at scala.tools.eclipse.refactoring.ScalaIdeRefactoring$$anonfun$5$$anonfun$apply$7.apply(ScalaIdeRefactoring.scala:157)
	at scala.tools.nsc.util.InterruptReq.execute(InterruptReq.scala:26)
	at scala.tools.nsc.interactive.Global.pollForWork(Global.scala:339)
	at scala.tools.nsc.interactive.Global.checkForMoreWork(Global.scala:400)
	at scala.tools.nsc.interactive.Global.signalDone(Global.scala:253)
	at scala.tools.nsc.typechecker.Typers$Typer.typed(Typers.scala:5635)
	at scala.tools.nsc.typechecker.Typers$Typer.typedTypeConstructor(Typers.scala:5752)
	at scala.tools.nsc.typechecker.Typers$Typer.typedTypeConstructor(Typers.scala:5769)
	at scala.tools.nsc.typechecker.Typers$Typer.parentTypes(Typers.scala:1526)
	at scala.tools.nsc.typechecker.Typers$Typer.typedClassDef(Typers.scala:1758)
	at scala.tools.nsc.typechecker.Typers$Typer.typed1(Typers.scala:5549)
	at scala.tools.nsc.typechecker.Typers$Typer.typed(Typers.scala:5608)
	at scala.tools.nsc.typechecker.Typers$Typer.scala$tools$nsc$typechecker$Typers$Typer$$typedStat$1(Typers.scala:2927)
	at scala.tools.nsc.typechecker.Typers$Typer$$anonfun$60.apply(Typers.scala:3031)
	at scala.tools.nsc.typechecker.Typers$Typer$$anonfun$60.apply(Typers.scala:3031)
	at scala.collection.immutable.List.loop$1(List.scala:170)
	at scala.collection.immutable.List.mapConserve(List.scala:186)
	at scala.tools.nsc.typechecker.Typers$Typer.typedStats(Typers.scala:3031)
	at scala.tools.nsc.typechecker.Typers$Typer.typedTemplate(Typers.scala:1918)
	at scala.tools.nsc.typechecker.Typers$Typer.typedClassDef(Typers.scala:1758)
	at scala.tools.nsc.typechecker.Typers$Typer.typed1(Typers.scala:5549)
	at scala.tools.nsc.typechecker.Typers$Typer.typed(Typers.scala:5608)
	at scala.tools.nsc.typechecker.Typers$Typer.scala$tools$nsc$typechecker$Typers$Typer$$typedStat$1(Typers.scala:2927)
	at scala.tools.nsc.typechecker.Typers$Typer$$anonfun$60.apply(Typers.scala:3031)
	at scala.tools.nsc.typechecker.Typers$Typer$$anonfun$60.apply(Typers.scala:3031)
	at scala.collection.immutable.List.loop$1(List.scala:170)
	at scala.collection.immutable.List.mapConserve(List.scala:186)
	at scala.tools.nsc.typechecker.Typers$Typer.typedStats(Typers.scala:3031)
	at scala.tools.nsc.typechecker.Typers$Typer.typedPackageDef$1(Typers.scala:5267)
	at scala.tools.nsc.typechecker.Typers$Typer.typed1(Typers.scala:5553)
	at scala.tools.nsc.typechecker.Typers$Typer.typed(Typers.scala:5608)
	at scala.tools.nsc.typechecker.Typers$Typer.typed(Typers.scala:5670)
	at scala.tools.nsc.typechecker.Analyzer$typerFactory$$anon$3.apply(Analyzer.scala:99)
	at scala.tools.nsc.Global$GlobalPhase.applyPhase(Global.scala:464)
	at scala.tools.nsc.interactive.Global$TyperRun$$anonfun$applyPhase$1.apply(Global.scala:1153)
	at scala.tools.nsc.interactive.Global$TyperRun$$anonfun$applyPhase$1.apply(Global.scala:1153)
	at scala.reflect.internal.SymbolTable.atPhase(SymbolTable.scala:207)
	at scala.tools.nsc.interactive.Global$TyperRun.applyPhase(Global.scala:1153)
	at scala.tools.nsc.interactive.Global$TyperRun.typeCheck(Global.scala:1146)
	at scala.tools.nsc.interactive.Global.scala$tools$nsc$interactive$Global$$typeCheck(Global.scala:585)
	at scala.tools.nsc.interactive.Global$$anonfun$backgroundCompile$5$$anonfun$apply$7.apply(Global.scala:501)
	at scala.tools.nsc.interactive.Global$$anonfun$backgroundCompile$5.apply(Global.scala:497)
	at scala.tools.nsc.interactive.Global$$anonfun$backgroundCompile$5.apply(Global.scala:497)
	at scala.collection.TraversableLike$WithFilter$$anonfun$foreach$1.apply(TraversableLike.scala:772)
	at scala.collection.immutable.List.foreach(List.scala:318)
	at scala.collection.TraversableLike$WithFilter.foreach(TraversableLike.scala:771)
	at scala.tools.nsc.interactive.Global.backgroundCompile(Global.scala:497)
	at scala.tools.nsc.interactive.PresentationCompilerThread.run(PresentationCompilerThread.scala:25)
2014-02-16 14:27:12,587 ERROR [Worker-4] - System.err - SLF4J: Failed to load class "org.slf4j.impl.StaticLoggerBinder".
2014-02-16 14:27:12,603 ERROR [Worker-4] - System.err - SLF4J: Defaulting to no-operation (NOP) logger implementation
2014-02-16 14:27:12,603 ERROR [Worker-4] - System.err - SLF4J: See http://www.slf4j.org/codes.html#StaticLoggerBinder for further details.
2014-02-17 00:08:28,982 ERROR [Worker-9] - System.err - SLF4J: Failed to load class "org.slf4j.impl.StaticLoggerBinder".
2014-02-17 00:08:29,002 ERROR [Worker-9] - System.err - SLF4J: Defaulting to no-operation (NOP) logger implementation
2014-02-17 00:08:29,002 ERROR [Worker-9] - System.err - SLF4J: See http://www.slf4j.org/codes.html#StaticLoggerBinder for further details.
2014-02-17 20:00:01,188 ERROR [Worker-25] - System.err - SLF4J: Failed to load class "org.slf4j.impl.StaticLoggerBinder".
2014-02-17 20:00:01,205 ERROR [Worker-25] - System.err - SLF4J: Defaulting to no-operation (NOP) logger implementation
2014-02-17 20:00:01,206 ERROR [Worker-25] - System.err - SLF4J: See http://www.slf4j.org/codes.html#StaticLoggerBinder for further details.
2014-02-17 22:18:19,572 ERROR [Worker-11] - System.err - SLF4J: Failed to load class "org.slf4j.impl.StaticLoggerBinder".
2014-02-17 22:18:19,575 ERROR [Worker-11] - System.err - SLF4J: Defaulting to no-operation (NOP) logger implementation
2014-02-17 22:18:19,575 ERROR [Worker-11] - System.err - SLF4J: See http://www.slf4j.org/codes.html#StaticLoggerBinder for further details.
2014-02-18 00:54:34,957 ERROR [Worker-19] - System.err - SLF4J: Failed to load class "org.slf4j.impl.StaticLoggerBinder".
2014-02-18 00:54:34,962 ERROR [Worker-19] - System.err - SLF4J: Defaulting to no-operation (NOP) logger implementation
2014-02-18 00:54:34,962 ERROR [Worker-19] - System.err - SLF4J: See http://www.slf4j.org/codes.html#StaticLoggerBinder for further details.
2014-02-18 10:27:24,998 ERROR [Worker-5] - System.err - SLF4J: Failed to load class "org.slf4j.impl.StaticLoggerBinder".
2014-02-18 10:27:25,007 ERROR [Worker-5] - System.err - SLF4J: Defaulting to no-operation (NOP) logger implementation
2014-02-18 10:27:25,007 ERROR [Worker-5] - System.err - SLF4J: See http://www.slf4j.org/codes.html#StaticLoggerBinder for further details.
2014-02-18 16:29:46,452 ERROR [main] - org.scala-ide.sdt.core - org.scala-ide.sdt.core - org.scala-ide.sdt.core - 0 - Error during askOption
java.lang.InterruptedException
	at java.lang.Object.wait(Native Method)
	at scala.tools.nsc.interactive.Response.get(Response.scala:74)
	at scala.tools.eclipse.ScalaPresentationCompiler.askOption(ScalaPresentationCompiler.scala:146)
	at scala.tools.eclipse.ScalaPresentationCompiler.askOption(ScalaPresentationCompiler.scala:137)
	at scala.tools.eclipse.ScalaProject$$anon$1.create(ScalaProject.scala:102)
	at scala.tools.eclipse.ScalaProject$$anon$1.create(ScalaProject.scala:95)
	at scala.tools.eclipse.util.Cached$class.apply(Cached.scala:30)
	at scala.tools.eclipse.ScalaProject$$anon$1.apply(ScalaProject.scala:95)
	at scala.tools.eclipse.ScalaProject.withPresentationCompiler(ScalaProject.scala:594)
	at scala.tools.eclipse.ScalaProject.withSourceFile(ScalaProject.scala:603)
	at scala.tools.eclipse.InteractiveCompilationUnit$class.withSourceFile(InteractiveCompilationUnit.scala:66)
	at org.scalaide.worksheet.ScriptCompilationUnit.withSourceFile(ScriptCompilationUnit.scala:27)
	at scala.tools.eclipse.ScalaHover.getHoverInfo(ScalaHover.scala:43)
	at org.eclipse.jface.text.TextViewerHoverManager$4.run(TextViewerHoverManager.java:168)
